[dotenv@17.2.3] injecting env (9) from .env -- tip: 🔐 prevent committing .env to code: https://dotenvx.com/precommit
node:internal/modules/cjs/loader:1423
  throw err;
  ^

Error: Cannot find module '../controllers/managementControllers/test.controller'
Require stack:
- C:\Users\user\Desktop\webdev_project\backend\src\routes\test.routes.js
- C:\Users\user\Desktop\webdev_project\backend\src\app.js
- C:\Users\user\Desktop\webdev_project\backend\server.js
    at Module._resolveFilename (node:internal/modules/cjs/loader:1420:15)
    at defaultResolveImpl (node:internal/modules/cjs/loader:1058:19)
    at resolveForCJSWithHooks (node:internal/modules/cjs/loader:1063:22)
    at Module._load (node:internal/modules/cjs/loader:1226:37)
    at TracingChannel.traceSync (node:diagnostics_channel:328:14)
    at wrapModuleLoad (node:internal/modules/cjs/loader:245:24)
    at Module.require (node:internal/modules/cjs/loader:1503:12)
    at require (node:internal/modules/helpers:152:16)
    at Object.<anonymous> (C:\Users\user\Desktop\webdev_project\backend\src\routes\test.routes.js:3:24)
    at Module._compile (node:internal/modules/cjs/loader:1760:14) {
  code: 'MODULE_NOT_FOUND',
  requireStack: [
    'C:\\Users\\user\\Desktop\\webdev_project\\backend\\src\\routes\\test.routes.js',
    'C:\\Users\\user\\Desktop\\webdev_project\\backend\\src\\app.js',
    'C:\\Users\\user\\Desktop\\webdev_project\\backend\\server.js'
  ]
}

Node.js v25.2.1
