[dotenv@17.2.3] injecting env (9) from .env -- tip: ??????  suppress all logs with { quiet: true }
node : node:internal/
modules/cjs/loader:14
23
At line:1 char:1
+ node server.js 
2>&1 | Out-File 
-Encoding ASCII 
error_ascii.log
+ ~~~~~~~~~~~~~~~~~~~
    + CategoryInfo   
           : NotSpe  
  cified: (node:in   
 ternal/modules/c    
js/loader:1423:S    
tring) [], Remot    
eException
    + FullyQualified 
   ErrorId : Native  
  CommandError
 
  throw err;
  ^

Error: Cannot find 
module 
'express-session'
Require stack:
- C:\Users\user\Deskt
op\webdev_project\bac
kend\src\app.js
- C:\Users\user\Deskt
op\webdev_project\bac
kend\server.js
    at Module._resolv
eFilename (node:inter
nal/modules/cjs/loade
r:1420:15)
    at 
defaultResolveImpl (n
ode:internal/modules/
cjs/loader:1058:19)
    at resolveForCJSW
ithHooks (node:intern
al/modules/cjs/loader
:1063:22)
    at Module._load (
node:internal/modules
/cjs/loader:1226:37)
    at TracingChannel
.traceSync (node:diag
nostics_channel:328:1
4)
    at 
wrapModuleLoad (node:
internal/modules/cjs/
loader:245:24)
    at 
Module.require (node:
internal/modules/cjs/
loader:1503:12)
    at require (node:
internal/modules/help
ers:152:16)
    at 
Object.<anonymous> (C
:\Users\user\Desktop\
webdev_project\backen
d\src\app.js:3:17)
    at 
Module._compile (node
:internal/modules/cjs
/loader:1760:14) {
  code: 
'MODULE_NOT_FOUND',
  requireStack: [
    'C:\\Users\\user\
\Desktop\\webdev_proj
ect\\backend\\src\\ap
p.js',
    'C:\\Users\\user\
\Desktop\\webdev_proj
ect\\backend\\server.
js'
  ]
}

Node.js v25.2.1
